0 info it worked if it ends with ok
1 verbose cli [ 'C:\\www\\NodeJS\\\\node.exe',
1 verbose cli   'C:\\www\\NodeJS\\node_modules\\npm\\bin\\npm-cli.js',
1 verbose cli   'run',
1 verbose cli   'karma' ]
2 info using npm@2.9.1
3 info using node@v0.12.3
4 verbose node symlink C:\www\NodeJS\\node.exe
5 verbose run-script [ 'prekarma', 'karma', 'postkarma' ]
6 info prekarma jonaso.de@1.0.0
7 info karma jonaso.de@1.0.0
8 verbose unsafe-perm in lifecycle true
9 info jonaso.de@1.0.0 Failed to exec karma script
10 verbose stack Error: jonaso.de@1.0.0 karma: `karma start`
10 verbose stack Exit status 1
10 verbose stack     at EventEmitter.<anonymous> (C:\www\NodeJS\node_modules\npm\lib\utils\lifecycle.js:213:16)
10 verbose stack     at EventEmitter.emit (events.js:110:17)
10 verbose stack     at ChildProcess.<anonymous> (C:\www\NodeJS\node_modules\npm\lib\utils\spawn.js:24:14)
10 verbose stack     at ChildProcess.emit (events.js:110:17)
10 verbose stack     at maybeClose (child_process.js:1015:16)
10 verbose stack     at Process.ChildProcess._handle.onexit (child_process.js:1087:5)
11 verbose pkgid jonaso.de@1.0.0
12 verbose cwd C:\www\htdocs\Portfolio\projects\jonaso.de
13 error Windows_NT 6.3.9600
14 error argv "C:\\www\\NodeJS\\\\node.exe" "C:\\www\\NodeJS\\node_modules\\npm\\bin\\npm-cli.js" "run" "karma"
15 error node v0.12.3
16 error npm  v2.9.1
17 error code ELIFECYCLE
18 error jonaso.de@1.0.0 karma: `karma start`
18 error Exit status 1
19 error Failed at the jonaso.de@1.0.0 karma script 'karma start'.
19 error This is most likely a problem with the jonaso.de package,
19 error not with npm itself.
19 error Tell the author that this fails on your system:
19 error     karma start
19 error You can get their info via:
19 error     npm owner ls jonaso.de
19 error There is likely additional logging output above.
20 verbose exit [ 1, true ]
